c:\work\ops2\ops\app\x64\debug\vc120.pdb
c:\work\ops2\ops\app\x64\debug\drawlinetool.obj
c:\work\ops2\ops\app\x64\debug\drawdialogfactory.obj
c:\work\ops2\ops\app\x64\debug\drawdialog.obj
c:\work\ops2\ops\app\x64\debug\drawcommand.obj
c:\work\ops2\ops\app\x64\debug\drawcircletool.obj
c:\work\ops2\ops\app\x64\debug\deleteselectedcommand.obj
c:\work\ops2\ops\app\x64\debug\commandstack.obj
c:\work\ops2\ops\app\x64\debug\command.obj
c:\work\ops2\ops\app\x64\debug\circle.obj
c:\work\ops2\ops\app\x64\debug\changeordercommand.obj
c:\work\ops2\ops\app\x64\debug\canvas.obj
c:\work\ops2\ops\app\x64\debug\bulkordercommand.obj
c:\work\ops2\ops\app\x64\debug\bringtofrontcommand.obj
c:\work\ops2\ops\app\x64\debug\bringforwardcommand.obj
c:\work\ops2\ops\app\x64\debug\activeselection.obj
c:\work\ops2\ops\app\x64\debug\abstractgroup.obj
c:\work\ops2\ops\app\x64\debug\sendbackwardcommand.obj
c:\work\ops2\ops\app\x64\debug\selectiontool.obj
c:\work\ops2\ops\app\x64\debug\selection.obj
c:\work\ops2\ops\app\x64\debug\rectangle.obj
c:\work\ops2\ops\app\x64\debug\propertyspinbox.obj
c:\work\ops2\ops\app\x64\debug\propertycolorbutton.obj
c:\work\ops2\ops\app\x64\debug\moveselectioncommand.obj
c:\work\ops2\ops\app\x64\debug\mainwindow.obj
c:\work\ops2\ops\app\x64\debug\maincommandstack.obj
c:\work\ops2\ops\app\x64\debug\line.obj
c:\work\ops2\ops\app\x64\debug\kyjsonfilereaderv2.obj
c:\work\ops2\ops\app\x64\debug\kyjsonfilereader.obj
c:\work\ops2\ops\app\x64\debug\jsonfilewriter.obj
c:\work\ops2\ops\app\x64\debug\htjsonfilereader.obj
c:\work\ops2\ops\app\x64\debug\group.obj
c:\work\ops2\ops\app\x64\debug\globaldrawproperties.obj
c:\work\ops2\ops\app\x64\debug\filewriterfactory.obj
c:\work\ops2\ops\app\x64\debug\filereaderfactory.obj
c:\work\ops2\ops\app\x64\debug\drawrectangletool.obj
c:\work\ops2\ops\app\x64\debug\moc_mainwindow.obj
c:\work\ops2\ops\app\x64\debug\moc_globaldrawproperties.obj
c:\work\ops2\ops\app\x64\debug\moc_drawdialog.obj
c:\work\ops2\ops\app\x64\debug\moc_canvas.obj
c:\work\ops2\ops\app\x64\debug\main.obj
c:\work\ops2\ops\app\x64\debug\visualentity.obj
c:\work\ops2\ops\app\x64\debug\valuechangetool.obj
c:\work\ops2\ops\app\x64\debug\valuechangeevent.obj
c:\work\ops2\ops\app\x64\debug\tool.obj
c:\work\ops2\ops\app\x64\debug\text.obj
c:\work\ops2\ops\app\x64\debug\shape.obj
c:\work\ops2\ops\app\x64\debug\sendtobackcommand.obj
c:\work\ops2\ops\app\debug\moc_drawdialog.cpp
c:\work\ops2\ops\app\debug\moc_canvas.cpp
c:\work\ops2\ops\app\debug\moc_globaldrawproperties.cpp
c:\work\ops2\ops\app\debug\moc_mainwindow.cpp
c:\work\ops2\ops\app\debug\moc_predefs.h
c:\work\ops2\ops\app\generatedfiles\ui_drawdialog.h
c:\work\ops2\ops\app\generatedfiles\ui_mainwindow.h
c:\work\ops2\ops\app\generatedfiles\qrc_resource.cpp
c:\work\ops2\ops\app\x64\debug\drawingapp.tlog\cl.command.1.tlog
c:\work\ops2\ops\app\x64\debug\drawingapp.tlog\cl.read.1.tlog
c:\work\ops2\ops\app\x64\debug\drawingapp.tlog\cl.write.1.tlog
c:\work\ops2\ops\app\x64\debug\drawingapp.tlog\custombuild.command.1.tlog
c:\work\ops2\ops\app\x64\debug\drawingapp.tlog\custombuild.read.1.tlog
c:\work\ops2\ops\app\x64\debug\drawingapp.tlog\custombuild.write.1.tlog
