Build started 2018/6/26 17:28:45.
     1>Project "C:\work\app\app\DrawingApp.vcxproj" on node 2 (Rebuild target(s)).
     1>CustomBuild:
         Moc'ing Canvas.hpp...
         Moc'ing DrawDialog.hpp...
         Moc'ing GlobalDrawProperties.hpp...
         Moc'ing MainWindow.hpp...
         Generate moc_predefs.h
         Uic'ing drawdialog.ui...
         Uic'ing mainwindow.ui...
         Rcc'ing resource.qrc...
     1>C:\Program Files (x86)\MSBuild\Microsoft.Cpp\v4.0\V120\Microsoft.CppBuild.targets(942,5): warning MSB8027: Two or more files with the name of moc_Canvas.cpp will produce outputs to the same location. This can lead to an incorrect build result.  The files involved are Debug\moc_DrawDialog.cpp.
     1>C:\Program Files (x86)\MSBuild\Microsoft.Cpp\v4.0\V120\Microsoft.CppBuild.targets(942,5): warning MSB8027: Two or more files with the name of moc_DrawDialog.cpp will produce outputs to the same location. This can lead to an incorrect build result.  The files involved are Debug\moc_DrawDialog.cpp.
     1>C:\Program Files (x86)\MSBuild\Microsoft.Cpp\v4.0\V120\Microsoft.CppBuild.targets(942,5): warning MSB8027: Two or more files with the name of moc_GlobalDrawProperties.cpp will produce outputs to the same location. This can lead to an incorrect build result.  The files involved are Debug\moc_DrawDialog.cpp.
     1>C:\Program Files (x86)\MSBuild\Microsoft.Cpp\v4.0\V120\Microsoft.CppBuild.targets(942,5): warning MSB8027: Two or more files with the name of moc_MainWindow.cpp will produce outputs to the same location. This can lead to an incorrect build result.  The files involved are Debug\moc_DrawDialog.cpp.
       ClCompile:
         C:\Program Files (x86)\Microsoft Visual Studio 12.0\VC\bin\x86_amd64\CL.exe /c /I. /I. /Iinterfaces /Icommands /Itools /Ishapes /Ievents /Ifileio /I..\..\..\qt\qt5.10.1\5.10.1\msvc2013_64\include /I..\..\..\qt\qt5.10.1\5.10.1\msvc2013_64\include\QtSvg /I..\..\..\qt\qt5.10.1\5.10.1\msvc2013_64\include\QtWidgets /I..\..\..\qt\qt5.10.1\5.10.1\msvc2013_64\include\QtGui /I..\..\..\qt\qt5.10.1\5.10.1\msvc2013_64\include\QtANGLE /I..\..\..\qt\qt5.10.1\5.10.1\msvc2013_64\include\QtNetwork /I..\..\..\qt\qt5.10.1\5.10.1\msvc2013_64\include\QtCore /Idebug /I. /I"..\..\..\qt\qt5.10.1\5.10.1\msvc2013_64\mkspecs\win32-msvc" /Zi /nologo /W3 /WX- /Od /D _WINDOWS /D UNICODE /D _UNICODE /D WIN32 /D WIN64 /D QT_SVG_LIB /D QT_WIDGETS_LIB /D QT_GUI_LIB /D QT_NETWORK_LIB /D QT_CORE_LIB /Gm- /EHsc /MDd /GS /fp:precise /Zc:wchar_t /Zc:forScope /Fo"x64\Debug\\" /Fd"x64\Debug\vc120.pdb" /Gd /TP /errorReport:prompt -Zc:rvalueCast -Zc:inline -w34100 -w34189 -w44996 AbstractGroup.cpp ActiveSelection.cpp commands\BringForwardCommand.cpp commands\BringToFrontCommand.cpp commands\BulkOrderCommand.cpp Canvas.cpp commands\ChangeOrderCommand.cpp "Debug\moc_DrawDialog.cpp;Debug\moc_Canvas.cpp" "Debug\moc_DrawDialog.cpp;Debug\moc_DrawDialog.cpp" "Debug\moc_DrawDialog.cpp;Debug\moc_GlobalDrawProperties.cpp" "Debug\moc_DrawDialog.cpp;Debug\moc_MainWindow.cpp" shapes\Circle.cpp Command.cpp CommandStack.cpp commands\DeleteSelectedCommand.cpp tools\DrawCircleTool.cpp commands\DrawCommand.cpp DrawDialog.cpp DrawDialogFactory.cpp tools\DrawLineTool.cpp tools\DrawRectangleTool.cpp fileio\FileReaderFactory.cpp fileio\FileWriterFactory.cpp GlobalDrawProperties.cpp Group.cpp fileio\HtJsonFileReader.cpp fileio\JsonFileReader.cpp fileio\JsonFileWriter.cpp fileio\KyJsonFileReader.cpp fileio\KyJsonFileReaderV2.cpp shapes\Line.cpp MainCommandStack.cpp MainWindow.cpp commands\MoveSelectionCommand.cpp PropertyColorButton.cpp PropertySpinBox.cpp shapes\Rectangle.cpp Selection.cpp tools\SelectionTool.cpp commands\SendBackwardCommand.cpp commands\SendToBackCommand.cpp Shape.cpp shapes\Text.cpp Tool.cpp events\ValueChangeEvent.cpp tools\ValueChangeTool.cpp VisualEntity.cpp main.cpp Debug\moc_Canvas.cpp Debug\moc_DrawDialog.cpp Debug\moc_GlobalDrawProperties.cpp Debug\moc_MainWindow.cpp GeneratedFiles\qrc_resource.cpp shapes\svg.cpp debug\moc_Canvas.cpp debug\moc_DrawDialog.cpp debug\moc_GlobalDrawProperties.cpp debug\moc_MainWindow.cpp
         AbstractGroup.cpp
     1>AbstractGroup.cpp(75): warning C4267: 'return' : conversion from 'size_t' to 'int', possible loss of data
     1>AbstractGroup.cpp(129): warning C4267: 'argument' : conversion from 'size_t' to 'int', possible loss of data
         ActiveSelection.cpp
         BringForwardCommand.cpp
         BringToFrontCommand.cpp
         BulkOrderCommand.cpp
         Canvas.cpp
         ChangeOrderCommand.cpp
         moc_Canvas.cpp
         moc_DrawDialog.cpp
         moc_GlobalDrawProperties.cpp
         moc_MainWindow.cpp
         Circle.cpp
     1>shapes\Circle.cpp(19): warning C4189: 'b' : local variable is initialized but not referenced
     1>shapes\Circle.cpp(19): warning C4189: 'g' : local variable is initialized but not referenced
     1>shapes\Circle.cpp(19): warning C4189: 'r' : local variable is initialized but not referenced
         Command.cpp
         CommandStack.cpp
     1>CommandStack.cpp(52): warning C4267: 'return' : conversion from 'size_t' to 'int', possible loss of data
         DeleteSelectedCommand.cpp
         DrawCircleTool.cpp
         DrawCommand.cpp
         DrawDialog.cpp
     1>DrawDialog.cpp(2): fatal error C1083: Cannot open include file: 'ui_drawdialog.h': No such file or directory
         DrawDialogFactory.cpp
         DrawLineTool.cpp
         Generating Code...
         Compiling...
         DrawRectangleTool.cpp
         FileReaderFactory.cpp
         FileWriterFactory.cpp
         GlobalDrawProperties.cpp
         Group.cpp
     1>Group.cpp(25): warning C4267: 'initializing' : conversion from 'size_t' to 'int', possible loss of data
     1>Group.cpp(66): warning C4267: 'initializing' : conversion from 'size_t' to 'int', possible loss of data
         HtJsonFileReader.cpp
     1>fileio\HtJsonFileReader.cpp(16): warning C4189: 'p' : local variable is initialized but not referenced
     1>fileio\HtJsonFileReader.cpp(28): warning C4100: 'circle' : unreferenced formal parameter
     1>fileio\HtJsonFileReader.cpp(28): warning C4100: 'src' : unreferenced formal parameter
     1>fileio\HtJsonFileReader.cpp(33): warning C4100: 'rec' : unreferenced formal parameter
     1>fileio\HtJsonFileReader.cpp(33): warning C4100: 'src' : unreferenced formal parameter
         JsonFileReader.cpp
     1>C:\work\app\app\shapes\svg.h(5): fatal error C1083: Cannot open include file: 'IImage.h': No such file or directory
         JsonFileWriter.cpp
         KyJsonFileReader.cpp
     1>fileio\KyJsonFileReader.cpp(165): warning C4305: '=' : truncation from 'int' to 'char'
     1>fileio\KyJsonFileReader.cpp(165): warning C4309: '=' : truncation of constant value
     1>fileio\KyJsonFileReader.cpp(172): warning C4267: 'argument' : conversion from 'size_t' to 'int', possible loss of data
         KyJsonFileReaderV2.cpp
     1>fileio\KyJsonFileReaderV2.cpp(171): warning C4305: '=' : truncation from 'int' to 'char'
     1>fileio\KyJsonFileReaderV2.cpp(171): warning C4309: '=' : truncation of constant value
     1>fileio\KyJsonFileReaderV2.cpp(178): warning C4267: 'argument' : conversion from 'size_t' to 'int', possible loss of data
         Line.cpp
         MainCommandStack.cpp
         MainWindow.cpp
     1>MainWindow.cpp : warning C4819: The file contains a character that cannot be represented in the current code page (936). Save the file in Unicode format to prevent data loss
     1>MainWindow.cpp(2): fatal error C1083: Cannot open include file: 'ui_mainwindow.h': No such file or directory
         MoveSelectionCommand.cpp
         PropertyColorButton.cpp
         PropertySpinBox.cpp
         Rectangle.cpp
         Selection.cpp
         SelectionTool.cpp
         SendBackwardCommand.cpp
         Generating Code...
         Compiling...
         SendToBackCommand.cpp
         Shape.cpp
         Text.cpp
     1>shapes\Text.cpp : warning C4819: The file contains a character that cannot be represented in the current code page (936). Save the file in Unicode format to prevent data loss
         Tool.cpp
         ValueChangeEvent.cpp
         ValueChangeTool.cpp
     1>tools\ValueChangeTool.cpp(19): warning C4189: 'type' : local variable is initialized but not referenced
         VisualEntity.cpp
         main.cpp
         moc_Canvas.cpp
     1>c1xx : fatal error C1083: Cannot open source file: 'Debug\moc_Canvas.cpp': No such file or directory
         moc_DrawDialog.cpp
     1>c1xx : fatal error C1083: Cannot open source file: 'Debug\moc_DrawDialog.cpp': No such file or directory
         moc_GlobalDrawProperties.cpp
     1>c1xx : fatal error C1083: Cannot open source file: 'Debug\moc_GlobalDrawProperties.cpp': No such file or directory
         moc_MainWindow.cpp
     1>c1xx : fatal error C1083: Cannot open source file: 'Debug\moc_MainWindow.cpp': No such file or directory
         qrc_resource.cpp
         svg.cpp
     1>c:\work\app\app\shapes\svg.h(5): fatal error C1083: Cannot open include file: 'IImage.h': No such file or directory
         moc_Canvas.cpp
     1>c1xx : fatal error C1083: Cannot open source file: 'debug\moc_Canvas.cpp': No such file or directory
         moc_DrawDialog.cpp
     1>c1xx : fatal error C1083: Cannot open source file: 'debug\moc_DrawDialog.cpp': No such file or directory
         moc_GlobalDrawProperties.cpp
     1>c1xx : fatal error C1083: Cannot open source file: 'debug\moc_GlobalDrawProperties.cpp': No such file or directory
         moc_MainWindow.cpp
     1>c1xx : fatal error C1083: Cannot open source file: 'debug\moc_MainWindow.cpp': No such file or directory
         Generating Code...
     1>Done Building Project "C:\work\app\app\DrawingApp.vcxproj" (Rebuild target(s)) -- FAILED.

Build FAILED.

Time Elapsed 00:00:31.24
